# JRE version: Java(TM) SE Runtime Environment (8.0_65-b17) (build 1.8.0_65-b17)
# Java VM: Java HotSpot(TM) 64-Bit Server VM (25.65-b01 mixed mode windows-amd64 compressed oops)
Heap:
 PSYoungGen      total 18944K, used 11336K [0x00000000eb200000, 0x00000000ec700000, 0x0000000100000000)
  eden space 16384K, 69% used [0x00000000eb200000,0x00000000ebd123e0,0x00000000ec200000)
  from space 2560K, 0% used [0x00000000ec200000,0x00000000ec200000,0x00000000ec480000)
  to   space 2560K, 0% used [0x00000000ec480000,0x00000000ec480000,0x00000000ec700000)
 ParOldGen       total 31744K, used 1903K [0x00000000c1600000, 0x00000000c3500000, 0x00000000eb200000)
  object space 31744K, 5% used [0x00000000c1600000,0x00000000c17dbe18,0x00000000c3500000)
 Metaspace       used 10701K, capacity 11036K, committed 11392K, reserved 1058816K
  class space    used 1190K, capacity 1326K, committed 1408K, reserved 1048576K
GC Heap History (4 events):
Event: 0.447 GC heap before
{Heap before GC invocations=1 (full 0):
 PSYoungGen      total 18944K, used 10884K [0x00000000eb200000, 0x00000000ec700000, 0x0000000100000000)
  eden space 16384K, 66% used [0x00000000eb200000,0x00000000ebca1290,0x00000000ec200000)
  from space 2560K, 0% used [0x00000000ec480000,0x00000000ec480000,0x00000000ec700000)
  to   space 2560K, 0% used [0x00000000ec200000,0x00000000ec200000,0x00000000ec480000)
 ParOldGen       total 44032K, used 0K [0x00000000c1600000, 0x00000000c4100000, 0x00000000eb200000)
  object space 44032K, 0% used [0x00000000c1600000,0x00000000c1600000,0x00000000c4100000)
 Metaspace       used 8189K, capacity 8520K, committed 8576K, reserved 1056768K
  class space    used 1004K, capacity 1134K, committed 1152K, reserved 1048576K
Event: 0.450 GC heap after
Heap after GC invocations=1 (full 0):
 PSYoungGen      total 18944K, used 2016K [0x00000000eb200000, 0x00000000ec700000, 0x0000000100000000)
  eden space 16384K, 0% used [0x00000000eb200000,0x00000000eb200000,0x00000000ec200000)
  from space 2560K, 78% used [0x00000000ec200000,0x00000000ec3f8030,0x00000000ec480000)
  to   space 2560K, 0% used [0x00000000ec480000,0x00000000ec480000,0x00000000ec700000)
 ParOldGen       total 44032K, used 8K [0x00000000c1600000, 0x00000000c4100000, 0x00000000eb200000)
  object space 44032K, 0% used [0x00000000c1600000,0x00000000c1602000,0x00000000c4100000)
 Metaspace       used 8189K, capacity 8520K, committed 8576K, reserved 1056768K
  class space    used 1004K, capacity 1134K, committed 1152K, reserved 1048576K
}
Event: 0.450 GC heap before
{Heap before GC invocations=2 (full 1):
 PSYoungGen      total 18944K, used 2016K [0x00000000eb200000, 0x00000000ec700000, 0x0000000100000000)
  eden space 16384K, 0% used [0x00000000eb200000,0x00000000eb200000,0x00000000ec200000)
  from space 2560K, 78% used [0x00000000ec200000,0x00000000ec3f8030,0x00000000ec480000)
  to   space 2560K, 0% used [0x00000000ec480000,0x00000000ec480000,0x00000000ec700000)
 ParOldGen       total 44032K, used 8K [0x00000000c1600000, 0x00000000c4100000, 0x00000000eb200000)
  object space 44032K, 0% used [0x00000000c1600000,0x00000000c1602000,0x00000000c4100000)
 Metaspace       used 8189K, capacity 8520K, committed 8576K, reserved 1056768K
  class space    used 1004K, capacity 1134K, committed 1152K, reserved 1048576K
Event: 0.461 GC heap after
Heap after GC invocations=2 (full 1):
 PSYoungGen      total 18944K, used 0K [0x00000000eb200000, 0x00000000ec700000, 0x0000000100000000)
  eden space 16384K, 0% used [0x00000000eb200000,0x00000000eb200000,0x00000000ec200000)
  from space 2560K, 0% used [0x00000000ec200000,0x00000000ec200000,0x00000000ec480000)
  to   space 2560K, 0% used [0x00000000ec480000,0x00000000ec480000,0x00000000ec700000)
 ParOldGen       total 31744K, used 1903K [0x00000000c1600000, 0x00000000c3500000, 0x00000000eb200000)
  object space 31744K, 5% used [0x00000000c1600000,0x00000000c17dbe18,0x00000000c3500000)
 Metaspace       used 8189K, capacity 8520K, committed 8576K, reserved 1056768K
  class space    used 1004K, capacity 1134K, committed 1152K, reserved 1048576K
}

