# JRE version: Java(TM) SE Runtime Environment (8.0_65-b17) (build 1.8.0_65-b17)
# Java VM: Java HotSpot(TM) 64-Bit Server VM (25.65-b01 mixed mode windows-amd64 compressed oops)
Heap:
 PSYoungGen      total 214016K, used 195083K [0x00000000eb200000, 0x0000000100000000, 0x0000000100000000)
  eden space 208896K, 93% used [0x00000000eb200000,0x00000000f706ae70,0x00000000f7e00000)
  from space 5120K, 1% used [0x00000000f7e00000,0x00000000f7e18000,0x00000000f8300000)
  to   space 5120K, 0% used [0x00000000ffb00000,0x00000000ffb00000,0x0000000100000000)
 ParOldGen       total 44032K, used 5195K [0x00000000c1600000, 0x00000000c4100000, 0x00000000eb200000)
  object space 44032K, 11% used [0x00000000c1600000,0x00000000c1b12ff8,0x00000000c4100000)
 Metaspace       used 11374K, capacity 11431K, committed 11648K, reserved 1060864K
  class space    used 998K, capacity 1041K, committed 1152K, reserved 1048576K
GC Heap History (10 events):
Event: 4.034 GC heap before
{Heap before GC invocations=9 (full 0):
 PSYoungGen      total 135168K, used 131040K [0x00000000eb200000, 0x00000000f3c00000, 0x0000000100000000)
  eden space 130560K, 100% used [0x00000000eb200000,0x00000000f3180000,0x00000000f3180000)
  from space 4608K, 10% used [0x00000000f3680000,0x00000000f36f8000,0x00000000f3b00000)
  to   space 5120K, 0% used [0x00000000f3180000,0x00000000f3180000,0x00000000f3680000)
 ParOldGen       total 44032K, used 4679K [0x00000000c1600000, 0x00000000c4100000, 0x00000000eb200000)
  object space 44032K, 10% used [0x00000000c1600000,0x00000000c1a91ce0,0x00000000c4100000)
 Metaspace       used 10849K, capacity 10901K, committed 11136K, reserved 1058816K
  class space    used 998K, capacity 1041K, committed 1152K, reserved 1048576K
Event: 4.037 GC heap after
Heap after GC invocations=9 (full 0):
 PSYoungGen      total 135680K, used 416K [0x00000000eb200000, 0x00000000f8800000, 0x0000000100000000)
  eden space 130560K, 0% used [0x00000000eb200000,0x00000000eb200000,0x00000000f3180000)
  from space 5120K, 8% used [0x00000000f3180000,0x00000000f31e8000,0x00000000f3680000)
  to   space 5120K, 0% used [0x00000000f8300000,0x00000000f8300000,0x00000000f8800000)
 ParOldGen       total 44032K, used 4699K [0x00000000c1600000, 0x00000000c4100000, 0x00000000eb200000)
  object space 44032K, 10% used [0x00000000c1600000,0x00000000c1a96fe8,0x00000000c4100000)
 Metaspace       used 10849K, capacity 10901K, committed 11136K, reserved 1058816K
  class space    used 998K, capacity 1041K, committed 1152K, reserved 1048576K
}
Event: 4.339 GC heap before
{Heap before GC invocations=10 (full 0):
 PSYoungGen      total 135680K, used 130976K [0x00000000eb200000, 0x00000000f8800000, 0x0000000100000000)
  eden space 130560K, 100% used [0x00000000eb200000,0x00000000f3180000,0x00000000f3180000)
  from space 5120K, 8% used [0x00000000f3180000,0x00000000f31e8000,0x00000000f3680000)
  to   space 5120K, 0% used [0x00000000f8300000,0x00000000f8300000,0x00000000f8800000)
 ParOldGen       total 44032K, used 4699K [0x00000000c1600000, 0x00000000c4100000, 0x00000000eb200000)
  object space 44032K, 10% used [0x00000000c1600000,0x00000000c1a96fe8,0x00000000c4100000)
 Metaspace       used 11012K, capacity 11093K, committed 11392K, reserved 1058816K
  class space    used 998K, capacity 1041K, committed 1152K, reserved 1048576K
Event: 4.342 GC heap after
Heap after GC invocations=10 (full 0):
 PSYoungGen      total 214016K, used 128K [0x00000000eb200000, 0x00000000f8800000, 0x0000000100000000)
  eden space 208896K, 0% used [0x00000000eb200000,0x00000000eb200000,0x00000000f7e00000)
  from space 5120K, 2% used [0x00000000f8300000,0x00000000f8320000,0x00000000f8800000)
  to   space 5120K, 0% used [0x00000000f7e00000,0x00000000f7e00000,0x00000000f8300000)
 ParOldGen       total 44032K, used 5115K [0x00000000c1600000, 0x00000000c4100000, 0x00000000eb200000)
  object space 44032K, 11% used [0x00000000c1600000,0x00000000c1afeff8,0x00000000c4100000)
 Metaspace       used 11012K, capacity 11093K, committed 11392K, reserved 1058816K
  class space    used 998K, capacity 1041K, committed 1152K, reserved 1048576K
}
Event: 4.953 GC heap before
{Heap before GC invocations=11 (full 0):
 PSYoungGen      total 214016K, used 209024K [0x00000000eb200000, 0x00000000f8800000, 0x0000000100000000)
  eden space 208896K, 100% used [0x00000000eb200000,0x00000000f7e00000,0x00000000f7e00000)
  from space 5120K, 2% used [0x00000000f8300000,0x00000000f8320000,0x00000000f8800000)
  to   space 5120K, 0% used [0x00000000f7e00000,0x00000000f7e00000,0x00000000f8300000)
 ParOldGen       total 44032K, used 5115K [0x00000000c1600000, 0x00000000c4100000, 0x00000000eb200000)
  object space 44032K, 11% used [0x00000000c1600000,0x00000000c1afeff8,0x00000000c4100000)
 Metaspace       used 11217K, capacity 11367K, committed 11648K, reserved 1060864K
  class space    used 998K, capacity 1041K, committed 1152K, reserved 1048576K
Event: 4.954 GC heap after
Heap after GC invocations=11 (full 0):
 PSYoungGen      total 214016K, used 64K [0x00000000eb200000, 0x00000000f8800000, 0x0000000100000000)
  eden space 208896K, 0% used [0x00000000eb200000,0x00000000eb200000,0x00000000f7e00000)
  from space 5120K, 1% used [0x00000000f7e00000,0x00000000f7e10000,0x00000000f8300000)
  to   space 5120K, 0% used [0x00000000f8300000,0x00000000f8300000,0x00000000f8800000)
 ParOldGen       total 44032K, used 5147K [0x00000000c1600000, 0x00000000c4100000, 0x00000000eb200000)
  object space 44032K, 11% used [0x00000000c1600000,0x00000000c1b06ff8,0x00000000c4100000)
 Metaspace       used 11217K, capacity 11367K, committed 11648K, reserved 1060864K
  class space    used 998K, capacity 1041K, committed 1152K, reserved 1048576K
}
Event: 5.463 GC heap before
{Heap before GC invocations=12 (full 0):
 PSYoungGen      total 214016K, used 208960K [0x00000000eb200000, 0x00000000f8800000, 0x0000000100000000)
  eden space 208896K, 100% used [0x00000000eb200000,0x00000000f7e00000,0x00000000f7e00000)
  from space 5120K, 1% used [0x00000000f7e00000,0x00000000f7e10000,0x00000000f8300000)
  to   space 5120K, 0% used [0x00000000f8300000,0x00000000f8300000,0x00000000f8800000)
 ParOldGen       total 44032K, used 5147K [0x00000000c1600000, 0x00000000c4100000, 0x00000000eb200000)
  object space 44032K, 11% used [0x00000000c1600000,0x00000000c1b06ff8,0x00000000c4100000)
 Metaspace       used 11274K, capacity 11367K, committed 11648K, reserved 1060864K
  class space    used 998K, capacity 1041K, committed 1152K, reserved 1048576K
Event: 5.472 GC heap after
Heap after GC invocations=12 (full 0):
 PSYoungGen      total 214016K, used 32K [0x00000000eb200000, 0x0000000100000000, 0x0000000100000000)
  eden space 208896K, 0% used [0x00000000eb200000,0x00000000eb200000,0x00000000f7e00000)
  from space 5120K, 0% used [0x00000000f8300000,0x00000000f8308000,0x00000000f8800000)
  to   space 5120K, 0% used [0x00000000f7e00000,0x00000000f7e00000,0x00000000f8300000)
 ParOldGen       total 44032K, used 5171K [0x00000000c1600000, 0x00000000c4100000, 0x00000000eb200000)
  object space 44032K, 11% used [0x00000000c1600000,0x00000000c1b0cff8,0x00000000c4100000)
 Metaspace       used 11274K, capacity 11367K, committed 11648K, reserved 1060864K
  class space    used 998K, capacity 1041K, committed 1152K, reserved 1048576K
}
Event: 5.865 GC heap before
{Heap before GC invocations=13 (full 0):
 PSYoungGen      total 214016K, used 208928K [0x00000000eb200000, 0x0000000100000000, 0x0000000100000000)
  eden space 208896K, 100% used [0x00000000eb200000,0x00000000f7e00000,0x00000000f7e00000)
  from space 5120K, 0% used [0x00000000f8300000,0x00000000f8308000,0x00000000f8800000)
  to   space 5120K, 0% used [0x00000000f7e00000,0x00000000f7e00000,0x00000000f8300000)
 ParOldGen       total 44032K, used 5171K [0x00000000c1600000, 0x00000000c4100000, 0x00000000eb200000)
  object space 44032K, 11% used [0x00000000c1600000,0x00000000c1b0cff8,0x00000000c4100000)
 Metaspace       used 11357K, capacity 11431K, committed 11648K, reserved 1060864K
  class space    used 998K, capacity 1041K, committed 1152K, reserved 1048576K
Event: 5.866 GC heap after
Heap after GC invocations=13 (full 0):
 PSYoungGen      total 214016K, used 96K [0x00000000eb200000, 0x0000000100000000, 0x0000000100000000)
  eden space 208896K, 0% used [0x00000000eb200000,0x00000000eb200000,0x00000000f7e00000)
  from space 5120K, 1% used [0x00000000f7e00000,0x00000000f7e18000,0x00000000f8300000)
  to   space 5120K, 0% used [0x00000000ffb00000,0x00000000ffb00000,0x0000000100000000)
 ParOldGen       total 44032K, used 5195K [0x00000000c1600000, 0x00000000c4100000, 0x00000000eb200000)
  object space 44032K, 11% used [0x00000000c1600000,0x00000000c1b12ff8,0x00000000c4100000)
 Metaspace       used 11357K, capacity 11431K, committed 11648K, reserved 1060864K
  class space    used 998K, capacity 1041K, committed 1152K, reserved 1048576K
}

